<?xml version="1.0" encoding="UTF-8"?>
<testng-results ignored="0" total="2" passed="2" failed="0" skipped="0">
  <reporter-output>
  </reporter-output>
  <suite started-at="2024-02-28T16:17:27 IST" name="Suite" finished-at="2024-02-28T16:17:41 IST" duration-ms="13824">
    <groups>
    </groups>
    <test started-at="2024-02-28T16:17:27 IST" name="Test" finished-at="2024-02-28T16:17:41 IST" duration-ms="13824">
      <class name="TestNG.DataDrivenTesting.ReadExcel">
        <test-method signature="fblogin()[pri:0, instance:TestNG.DataDrivenTesting.ReadExcel@1460a8c0]" started-at="2024-02-28T16:17:27 IST" name="fblogin" finished-at="2024-02-28T16:17:36 IST" duration-ms="9420" status="PASS">
          <reporter-output>
          </reporter-output>
        </test-method> <!-- fblogin -->
      </class> <!-- TestNG.DataDrivenTesting.ReadExcel -->
      <class name="TestNG.DataDrivenTesting.WriteExcel">
        <test-method signature="fblogin()[pri:0, instance:TestNG.DataDrivenTesting.WriteExcel@7ea37dbf]" started-at="2024-02-28T16:17:36 IST" name="fblogin" finished-at="2024-02-28T16:17:41 IST" duration-ms="4349" status="PASS">
          <reporter-output>
          </reporter-output>
        </test-method> <!-- fblogin -->
      </class> <!-- TestNG.DataDrivenTesting.WriteExcel -->
    </test> <!-- Test -->
  </suite> <!-- Suite -->
</testng-results>
