<?xml version="1.0" encoding="UTF-8"?>
<testng-results ignored="0" total="1" passed="1" failed="0" skipped="0">
  <reporter-output>
  </reporter-output>
  <suite started-at="2024-02-27T14:03:23 IST" name="Default suite" finished-at="2024-02-27T14:03:30 IST" duration-ms="6570">
    <groups>
    </groups>
    <test started-at="2024-02-27T14:03:23 IST" name="Default test" finished-at="2024-02-27T14:03:30 IST" duration-ms="6570">
      <class name="TestNG.DataDrivenTesting.WriteExcel">
        <test-method signature="fblogin()[pri:0, instance:TestNG.DataDrivenTesting.WriteExcel@35ef1869]" started-at="2024-02-27T14:03:23 IST" name="fblogin" finished-at="2024-02-27T14:03:30 IST" duration-ms="6522" status="PASS">
          <reporter-output>
          </reporter-output>
        </test-method> <!-- fblogin -->
      </class> <!-- TestNG.DataDrivenTesting.WriteExcel -->
    </test> <!-- Default test -->
  </suite> <!-- Default suite -->
</testng-results>
