<?xml version="1.0" encoding="UTF-8"?>
<testng-results ignored="0" total="2" passed="2" failed="0" skipped="0">
  <reporter-output>
  </reporter-output>
  <suite started-at="2024-02-28T11:06:32 IST" name="Suite" finished-at="2024-02-28T11:06:42 IST" duration-ms="9964">
    <groups>
    </groups>
    <test started-at="2024-02-28T11:06:32 IST" name="Test" finished-at="2024-02-28T11:06:42 IST" duration-ms="9964">
      <class name="TestNG.DataDrivenTesting.ReadExcel">
        <test-method signature="fblogin()[pri:0, instance:TestNG.DataDrivenTesting.ReadExcel@50eac852]" started-at="2024-02-28T11:06:32 IST" name="fblogin" finished-at="2024-02-28T11:06:38 IST" duration-ms="5601" status="PASS">
          <reporter-output>
          </reporter-output>
        </test-method> <!-- fblogin -->
      </class> <!-- TestNG.DataDrivenTesting.ReadExcel -->
      <class name="TestNG.DataDrivenTesting.WriteExcel">
        <test-method signature="fblogin()[pri:0, instance:TestNG.DataDrivenTesting.WriteExcel@7714e963]" started-at="2024-02-28T11:06:38 IST" name="fblogin" finished-at="2024-02-28T11:06:42 IST" duration-ms="4310" status="PASS">
          <reporter-output>
          </reporter-output>
        </test-method> <!-- fblogin -->
      </class> <!-- TestNG.DataDrivenTesting.WriteExcel -->
    </test> <!-- Test -->
  </suite> <!-- Suite -->
</testng-results>
